#
# A fatal error has been detected by the Java Runtime Environment:
#
#  EXCEPTION_ACCESS_VIOLATION (0xc0000005) at pc=0x0000024e0c2b4c48, pid=29128, tid=17152
#
# JRE version: OpenJDK Runtime Environment Temurin-22.0.1+8 (22.0.1+8) (build 22.0.1+8)
# Java VM: OpenJDK 64-Bit Server VM Temurin-22.0.1+8 (22.0.1+8, mixed mode, tiered, compressed oops, compressed class ptrs, g1 gc, windows-amd64)
# Problematic frame:
# j  java.lang.invoke.DirectMethodHandle$Holder.newInvokeSpecial(Ljava/lang/Object;)Ljava/lang/Object;+15 java.base@22.0.1
#
# No core dump will be written. Minidumps are not enabled by default on client versions of Windows
#
# If you would like to submit a bug report, please visit:
#   https://github.com/adoptium/adoptium-support/issues
#

---------------  S U M M A R Y ------------

Command Line: -XX:+ShowCodeDetailsInExceptionMessages -agentlib:jdwp=transport=dt_socket,suspend=y,address=localhost:49680 -javaagent:C:\Users\twigs\eclipse\java-2024-062\eclipse\configuration\org.eclipse.osgi\251\0\.cp\lib\javaagent-shaded.jar -Dfile.encoding=UTF-8 -Dstdout.encoding=UTF-8 -Dstderr.encoding=UTF-8 com.app.userservice.UserserviceApplication

Host: AMD Ryzen 7 5700U with Radeon Graphics         , 16 cores, 7G,  Windows 11 , 64 bit Build 26100 (10.0.26100.4768)
Time: Fri Aug 29 13:52:10 2025 India Standard Time elapsed time: 17.777971 seconds (0d 0h 0m 17s)

---------------  T H R E A D  ---------------

Current thread (0x0000024e1f1b0a50):  JavaThread "restartedMain"        [_thread_in_Java, id=17152, stack(0x000000a1a5c00000,0x000000a1a5d00000) (1024K)]

Stack: [0x000000a1a5c00000,0x000000a1a5d00000],  sp=0x000000a1a5cfc2b0,  free space=1008k
Native frames: (J=compiled Java code, j=interpreted, Vv=VM code, C=native code)
C  0x0000024e0c2b4c48  (no source info available)

The last pc belongs to invokestatic (printed below).

siginfo: EXCEPTION_ACCESS_VIOLATION (0xc0000005), reading address 0xffffffffffffffff


Registers:
RAX=0x0000024e1b19da18, RBX=0x0000024e1a496b80, RCX=0x0000024e1a3e2828, RDX=0x0000000000000002
RSP=0x000000a1a5cfc2b0, RBP=0x000000a1a5cfc308, RSI=0x0000024e220a1b68, RDI=0x0000024e239cfb60
R8 =0x0000000000000004, R9 =0x0000000000000004, R10=0x00007ffc22fcfd80, R11=0x0000024e1a3de558
R12=0x0000000000000000, R13=0xfffffffffffffff7, R14=0x000000a1a5cfc328, R15=0x0000024e1f1b0a50
RIP=0x0000024e0c2b4c48, EFLAGS=0x0000000000010282


Register to memory mapping:

RAX=0x0000024e1b19da18 is pointing into metadata
RBX={method} {0x0000024e1a496b88} 'linkToSpecial' '(Ljava/lang/Object;Ljava/lang/invoke/MemberName;)V' in 'java/lang/invoke/MethodHandle'
RCX=0x0000024e1a3e2828 is pointing into metadata
RDX=0x0000000000000002 is an unknown value
RSP=0x000000a1a5cfc2b0 is pointing into the stack for thread: 0x0000024e1f1b0a50
RBP=0x000000a1a5cfc308 is pointing into the stack for thread: 0x0000024e1f1b0a50
RSI=0x0000024e220a1b68 points into unknown readable memory: 0x8800194e2c1a55fb | fb 55 1a 2c 4e 19 00 88
RDI=0x0000024e239cfb60 points into unknown readable memory: 0x0000001800000070 | 70 00 00 00 18 00 00 00
R8 =0x0000000000000004 is an unknown value
R9 =0x0000000000000004 is an unknown value
R10=0x00007ffc22fcfd80 jvm.dll
R11={method} {0x0000024e1a3de560} 'newInvokeSpecial' '(Ljava/lang/Object;)Ljava/lang/Object;' in 'java/lang/invoke/DirectMethodHandle$Holder'
R12=0x0 is null
R13=0xfffffffffffffff7 is an unknown value
R14=0x000000a1a5cfc328 is pointing into the stack for thread: 0x0000024e1f1b0a50
R15=0x0000024e1f1b0a50 is a thread

Top of Stack: (sp=0x000000a1a5cfc2b0)
0x000000a1a5cfc2b0:   0000024e0c2991fa 000000008d21e688
0x000000a1a5cfc2c0:   fffffffffffffff7 0000024e1a3de547
0x000000a1a5cfc2d0:   0000000000000004 0000024e1a3e30c8
0x000000a1a5cfc2e0:   0000024e1b19da10 000000008ad00eb0
0x000000a1a5cfc2f0:   0000024e1a3de558 0000000000000000
0x000000a1a5cfc300:   000000a1a5cfc330 000000a1a5cfc6d0
0x000000a1a5cfc310:   0000024e0537d48a 000000008d21e5e0
0x000000a1a5cfc320:   000000008d21e688 000000008d21e640
0x000000a1a5cfc330:   000000a1a5cfc3b0 000000a1a5cfc3b0
0x000000a1a5cfc340:   0000024e0c2a3041 0000024e0c298190
0x000000a1a5cfc350:   000000a1a5cfc400 0000024e0523374c
0x000000a1a5cfc360:   000000a1a5cfc400 000000008d21e2a8
0x000000a1a5cfc370:   000000008b562448 000000008d21e3e0
0x000000a1a5cfc380:   0000024e1a1a9248 0000000000000052
0x000000a1a5cfc390:   000000a1a5cfc400 0000024e0c29a4a7
0x000000a1a5cfc3a0:   000000a1a5cfc400 0000024e0c299727
0x000000a1a5cfc3b0:   000000008d21e670 fffffffffffffff7
0x000000a1a5cfc3c0:   0000024e1a1aaa2d 0000000000000005
0x000000a1a5cfc3d0:   0000024e1a1ad3f0 000000008d21e670
0x000000a1a5cfc3e0:   000000008d21e438 0000024e00000000
0x000000a1a5cfc3f0:   0000000000000000 000000a1a5cfc430
0x000000a1a5cfc400:   000000a1a5cfc6d0 0000024e057383ec
0x000000a1a5cfc410:   000000008d21e2a8 000000008b562448
0x000000a1a5cfc420:   000000008d21e2a8 000000008ae9a638
0x000000a1a5cfc430:   0000000000000000 000000008d21e640
0x000000a1a5cfc440:   000000a1a5cfc6d0 0000024e05006934
0x000000a1a5cfc450:   0000000000000000 0000000000000000
0x000000a1a5cfc460:   0000000000000000 0000024e1f1b0a00
0x000000a1a5cfc470:   0000024e1f1b0a50 0000000000000000
0x000000a1a5cfc480:   000000008d21e3e0 0000000000000000
0x000000a1a5cfc490:   000000008d21e2a8 000000008d21e670
0x000000a1a5cfc4a0:   000000008d21e3e0 0000000000000000 

Instructions: (pc=0x0000024e0c2b4c48)
0x0000024e0c2b4b48:   ff d0 48 83 c4 20 ff e0 49 83 7f 08 00 0f 84 05
0x0000024e0c2b4b58:   00 00 00 e9 a0 c3 fd ff 4c 8b 6d c0 4c 8b 75 c8
0x0000024e0c2b4b68:   4e 8d 74 f5 00 c3 48 8b 4d d0 41 0f b7 55 01 48
0x0000024e0c2b4b78:   8b 49 30 6b d2 18 48 8d 4c 11 08 48 8b 19 48 8b
0x0000024e0c2b4b88:   5b 08 48 8b 5b 08 48 8b 5b 18 80 bb 20 01 00 00
0x0000024e0c2b4b98:   05 0f 84 0d 00 00 00 4c 3b bb 30 01 00 00 0f 85
0x0000024e0c2b4ba8:   63 fe ff ff 0f b6 51 15 48 8b 19 4c 89 6d c0 44
0x0000024e0c2b4bb8:   8b ea 0f b6 51 14 49 ba 80 fd fc 22 fc 7f 00 00
0x0000024e0c2b4bc8:   49 8b 14 d2 52 41 8b d5 4c 8b 6d c0 48 8b 45 d8
0x0000024e0c2b4bd8:   48 85 c0 0f 84 12 00 00 00 48 83 40 08 01 48 83
0x0000024e0c2b4be8:   58 08 00 48 83 c0 10 48 89 45 d8 48 8b 45 d8 48
0x0000024e0c2b4bf8:   85 c0 0f 84 23 01 00 00 80 78 f0 0a 0f 85 19 01
0x0000024e0c2b4c08:   00 00 48 83 c0 08 4c 8b 68 f8 41 83 ed 00 41 83
0x0000024e0c2b4c18:   fd 02 0f 8c f8 00 00 00 4c 8b 6b 08 45 0f b7 6d
0x0000024e0c2b4c28:   2e 4c 2b 28 41 83 ed 01 4e 8b 6c ec 08 4d 85 ed
0x0000024e0c2b4c38:   75 0e f6 40 08 01 75 4b f0 48 83 48 08 01 eb 43
0x0000024e0c2b4c48:   45 8b 6d 08 4d 8b d5 4c 33 68 08 49 f7 c5 fc ff
0x0000024e0c2b4c58:   ff ff 74 2f 41 f6 c5 02 75 29 48 83 78 08 00 74
0x0000024e0c2b4c68:   1e 48 83 78 08 01 74 17 4d 8b ea 4c 33 68 08 49
0x0000024e0c2b4c78:   f7 c5 fc ff ff ff 74 0b 48 83 48 08 02 eb 04 4c
0x0000024e0c2b4c88:   89 68 08 48 83 c0 10 4c 8b 68 e8 41 83 ed 02 41
0x0000024e0c2b4c98:   83 fd 02 0f 8c 77 00 00 00 4c 8b 6b 08 45 0f b7
0x0000024e0c2b4ca8:   6d 2e 4c 2b 28 41 83 ed 01 4e 8b 6c ec 08 4d 85
0x0000024e0c2b4cb8:   ed 75 0e f6 40 08 01 75 4b f0 48 83 48 08 01 eb
0x0000024e0c2b4cc8:   43 45 8b 6d 08 4d 8b d5 4c 33 68 08 49 f7 c5 fc
0x0000024e0c2b4cd8:   ff ff ff 74 2f 41 f6 c5 02 75 29 48 83 78 08 00
0x0000024e0c2b4ce8:   74 1e 48 83 78 08 01 74 17 4d 8b ea 4c 33 68 08
0x0000024e0c2b4cf8:   49 f7 c5 fc ff ff ff 74 0b 48 83 48 08 02 eb 04
0x0000024e0c2b4d08:   4c 89 68 08 48 83 c0 10 4c 8b 68 d8 41 83 ed 04
0x0000024e0c2b4d18:   41 c1 e5 03 49 03 c5 48 89 45 d8 4c 8d 6c 24 08
0x0000024e0c2b4d28:   49 8b cd 48 2b cd 48 c1 f9 03 48 89 4d f0 41 80
0x0000024e0c2b4d38:   bf e8 05 00 00 00 74 03 ff 63 38 ff 63 50 66 90 


Stack slot to memory mapping:

stack at sp + 0 slots: 0x0000024e0c2991fa is at code_begin+3450 in an Interpreter codelet
return entry points  [0x0000024e0c298480, 0x0000024e0c29a640]  8640 bytes
stack at sp + 1 slots: 0x000000008d21e688 is an oop: com.app.userservice.Services.jwtService 
{0x000000008d21e688} - klass: 'com/app/userservice/Services/jwtService'
 - ---- fields (total size 2 words):
 - private 'secret' 'Ljava/lang/String;' @12  null (0x00000000)
stack at sp + 2 slots: 0xfffffffffffffff7 is an unknown value
stack at sp + 3 slots: 0x0000024e1a3de547 is pointing into metadata
stack at sp + 4 slots: 0x0000000000000004 is an unknown value
stack at sp + 5 slots: 0x0000024e1a3e30c8 is pointing into metadata
stack at sp + 6 slots: 0x0000024e1b19da10 is pointing into metadata
stack at sp + 7 slots: 0x000000008ad00eb0 is an oop: java.lang.Class 
{0x000000008ad00eb0} - klass: 'java/lang/Class'
 - ---- fields (total size 14 words):
 - private volatile transient 'classRedefinedCount' 'I' @12  0 (0x00000000)
 - injected 'klass' 'J' @16  637744160 (0x0000000026033420)
 - injected 'array_klass' 'J' @24  0 (0x0000000000000000)
 - injected 'oop_size' 'I' @32  14 (0x0000000e)
 - injected 'static_oop_field_count' 'I' @36  0 (0x00000000)
 - private volatile transient 'cachedConstructor' 'Ljava/lang/reflect/Constructor;' @40  null (0x00000000)
 - private transient 'name' 'Ljava/lang/String;' @44  null (0x00000000)
 - private transient 'module' 'Ljava/lang/Module;' @48  a 'java/lang/Module'{0x000000008acef650} (0x8acef650)
 - private final 'classLoader' 'Ljava/lang/ClassLoader;' @52  null (0x00000000)
 - private transient 'classData' 'Ljava/lang/Object;' @56  null (0x00000000)
 - private transient 'packageName' 'Ljava/lang/String;' @60  null (0x00000000)
 - private final 'componentType' 'Ljava/lang/Class;' @64  null (0x00000000)
 - private volatile transient 'reflectionData' 'Ljava/lang/ref/SoftReference;' @68  null (0x00000000)
 - private volatile transient 'genericInfo' 'Lsun/reflect/generics/repository/ClassRepository;' @72  null (0x00000000)
 - private volatile transient 'enumConstants' '[Ljava/lang/Object;' @76  null (0x00000000)
 - private volatile transient 'enumConstantDirectory' 'Ljava/util/Map;' @80  null (0x00000000)
 - private volatile transient 'annotationData' 'Ljava/lang/Class$AnnotationData;' @84  null (0x00000000)
 - private volatile transient 'annotationType' 'Lsun/reflect/annotation/AnnotationType;' @88  null (0x00000000)
 - transient 'classValueMap' 'Ljava/lang/ClassValue$ClassValueMap;' @92  null (0x00000000)
 - injected 'protection_domain' 'Ljava/lang/Object;' @96  null (0x00000000)
 - injected 'signers_name' 'Ljava/lang/Object;' @100  null (0x00000000)
 - injected 'source_file' 'Ljava/lang/Object;' @104  null (0x00000000)
 - signature: Ljava/lang/invoke/DirectMethodHandle$Holder;
 - ---- static fields (0):

invokestatic  184 invokestatic  [0x0000024e0c2b49c0, 0x0000024e0c2b4d48]  904 bytes
[MachCode]
  0x0000024e0c2b49c0: 4883 ec08 | c5fa 1104 | 24eb 1f48 | 83ec 10c5 | fb11 0424 | eb14 4883 | ec10 4889 | 0424 48c7 
  0x0000024e0c2b49e0: 4424 0800 | 0000 00eb | 0150 488b | 4dd0 410f | b755 0148 | 8b49 306b | d218 488d | 4c11 080f 
  0x0000024e0c2b4a00: b659 1681 | fbb8 0000 | 000f 8474 | 0100 00bb | b800 0000 | e805 0000 | 00e9 5001 | 0000 488b 
  0x0000024e0c2b4a20: d348 8d44 | 2408 4c89 | 6dc0 498b | cfc5 f877 | 4989 afb0 | 0300 0049 | 8987 a003 | 0000 4883 
  0x0000024e0c2b4a40: ec20 40f6 | c40f 0f84 | 1900 0000 | 4883 ec08 | 48b8 a036 | 6c22 fc7f | 0000 ffd0 | 4883 c408 
  0x0000024e0c2b4a60: e90c 0000 | 0048 b8a0 | 366c 22fc | 7f00 00ff | d048 83c4 | 2049 c787 | a003 0000 | 0000 0000 
  0x0000024e0c2b4a80: 49c7 87b0 | 0300 0000 | 0000 0049 | c787 a803 | 0000 0000 | 0000 c5f8 | 7741 8b8f | 3405 0000 
  0x0000024e0c2b4aa0: f6c1 010f | 8442 0000 | 00f6 c102 | 0f85 3900 | 0000 4883 | ec20 40f6 | c40f 0f84 | 1900 0000 
  0x0000024e0c2b4ac0: 4883 ec08 | 48b8 a0e0 | 6b22 fc7f | 0000 ffd0 | 4883 c408 | e90c 0000 | 0048 b8a0 | e06b 22fc 
  0x0000024e0c2b4ae0: 7f00 00ff | d048 83c4 | 20ff e049 | 8b8f e005 | 0000 4885 | c90f 8455 | 0000 008b | 899c 0000 
  0x0000024e0c2b4b00: 0083 f901 | 0f85 4600 | 0000 498b | 8fe0 0500 | 008b 89a0 | 0000 0048 | 83ec 2040 | f6c4 0f0f 
  0x0000024e0c2b4b20: 8419 0000 | 0048 83ec | 0848 b890 | e06b 22fc | 7f00 00ff | d048 83c4 | 08e9 0c00 | 0000 48b8 
  0x0000024e0c2b4b40: 90e0 6b22 | fc7f 0000 | ffd0 4883 | c420 ffe0 | 4983 7f08 | 000f 8405 | 0000 00e9 | a0c3 fdff 
  0x0000024e0c2b4b60: 4c8b 6dc0 | 4c8b 75c8 | 4e8d 74f5 | 00c3 488b | 4dd0 410f | b755 0148 | 8b49 306b | d218 488d 
  0x0000024e0c2b4b80: 4c11 0848 | 8b19 488b | 5b08 488b | 5b08 488b | 5b18 80bb | 2001 0000 | 050f 840d | 0000 004c 
  0x0000024e0c2b4ba0: 3bbb 3001 | 0000 0f85 | 63fe ffff | 0fb6 5115 | 488b 194c | 896d c044 | 8bea 0fb6 | 5114 49ba 
  0x0000024e0c2b4bc0: 80fd fc22 | fc7f 0000 | 498b 14d2 | 5241 8bd5 | 4c8b 6dc0 | 488b 45d8 | 4885 c00f | 8412 0000 
  0x0000024e0c2b4be0: 0048 8340 | 0801 4883 | 5808 0048 | 83c0 1048 | 8945 d848 | 8b45 d848 | 85c0 0f84 | 2301 0000 
  0x0000024e0c2b4c00: 8078 f00a | 0f85 1901 | 0000 4883 | c008 4c8b | 68f8 4183 | ed00 4183 | fd02 0f8c | f800 0000 
  0x0000024e0c2b4c20: 4c8b 6b08 | 450f b76d | 2e4c 2b28 | 4183 ed01 | 4e8b 6cec | 084d 85ed | 750e f640 | 0801 754b 
  0x0000024e0c2b4c40: f048 8348 | 0801 eb43 | 458b 6d08 | 4d8b d54c | 3368 0849 | f7c5 fcff | ffff 742f | 41f6 c502 
  0x0000024e0c2b4c60: 7529 4883 | 7808 0074 | 1e48 8378 | 0801 7417 | 4d8b ea4c | 3368 0849 | f7c5 fcff | ffff 740b 
  0x0000024e0c2b4c80: 4883 4808 | 02eb 044c | 8968 0848 | 83c0 104c | 8b68 e841 | 83ed 0241 | 83fd 020f | 8c77 0000 
  0x0000024e0c2b4ca0: 004c 8b6b | 0845 0fb7 | 6d2e 4c2b | 2841 83ed | 014e 8b6c | ec08 4d85 | ed75 0ef6 | 4008 0175 
  0x0000024e0c2b4cc0: 4bf0 4883 | 4808 01eb | 4345 8b6d | 084d 8bd5 | 4c33 6808 | 49f7 c5fc | ffff ff74 | 2f41 f6c5 
  0x0000024e0c2b4ce0: 0275 2948 | 8378 0800 | 741e 4883 | 7808 0174 | 174d 8bea | 4c33 6808 | 49f7 c5fc | ffff ff74 
  0x0000024e0c2b4d00: 0b48 8348 | 0802 eb04 | 4c89 6808 | 4883 c010 | 4c8b 68d8 | 4183 ed04 | 41c1 e503 | 4903 c548 
  0x0000024e0c2b4d20: 8945 d84c | 8d6c 2408 | 498b cd48 | 2bcd 48c1 | f903 4889 | 4df0 4180 | bfe8 0500 | 0000 7403 
  0x0000024e0c2b4d40: ff63 38ff | 6350 6690 
[/MachCode]

---------------  P R O C E S S  ---------------

Threads class SMR info:
_java_thread_list=0x0000024e1ff3b3f0, length=20, elements={
0x0000024e7efbdf40, 0x0000024e19bd4e00, 0x0000024e19bd5470, 0x0000024e19be0da0,
0x0000024e19bf2e40, 0x0000024e19bf34b0, 0x0000024e19bdfb00, 0x0000024e19c22c20,
0x0000024e19c35300, 0x0000024e19c3fff0, 0x0000024e19dd84d0, 0x0000024e19f37890,
0x0000024e19ef2340, 0x0000024e19ef49e0, 0x0000024e1e16bd60, 0x0000024e1e5dc820,
0x0000024e1e849d40, 0x0000024e1f1b03e0, 0x0000024e1f1b0a50, 0x0000024e22bf4e50
}

Java Threads: ( => current thread )
  0x0000024e7efbdf40 JavaThread "main"                              [_thread_blocked, id=31984, stack(0x000000a1a3b00000,0x000000a1a3c00000) (1024K)]
  0x0000024e19bd4e00 JavaThread "Reference Handler"          daemon [_thread_blocked, id=24644, stack(0x000000a1a4300000,0x000000a1a4400000) (1024K)]
  0x0000024e19bd5470 JavaThread "Finalizer"                  daemon [_thread_blocked, id=4572, stack(0x000000a1a4400000,0x000000a1a4500000) (1024K)]
  0x0000024e19be0da0 JavaThread "Signal Dispatcher"          daemon [_thread_blocked, id=27204, stack(0x000000a1a4500000,0x000000a1a4600000) (1024K)]
  0x0000024e19bf2e40 JavaThread "Attach Listener"            daemon [_thread_blocked, id=16776, stack(0x000000a1a4600000,0x000000a1a4700000) (1024K)]
  0x0000024e19bf34b0 JavaThread "Service Thread"             daemon [_thread_blocked, id=25484, stack(0x000000a1a4700000,0x000000a1a4800000) (1024K)]
  0x0000024e19bdfb00 JavaThread "Monitor Deflation Thread"   daemon [_thread_blocked, id=38176, stack(0x000000a1a4800000,0x000000a1a4900000) (1024K)]
  0x0000024e19c22c20 JavaThread "C2 CompilerThread0"         daemon [_thread_blocked, id=37396, stack(0x000000a1a4900000,0x000000a1a4a00000) (1024K)]
  0x0000024e19c35300 JavaThread "C1 CompilerThread0"         daemon [_thread_blocked, id=13852, stack(0x000000a1a4a00000,0x000000a1a4b00000) (1024K)]
  0x0000024e19c3fff0 JavaThread "Common-Cleaner"             daemon [_thread_blocked, id=38044, stack(0x000000a1a4b00000,0x000000a1a4c00000) (1024K)]
  0x0000024e19dd84d0 JavaThread "C1 CompilerThread1"         daemon [_thread_blocked, id=15540, stack(0x000000a1a4c00000,0x000000a1a4d00000) (1024K)]
  0x0000024e19f37890 JavaThread "JDWP Transport Listener: dt_socket" daemon [_thread_blocked, id=33416, stack(0x000000a1a4e00000,0x000000a1a4f00000) (1024K)]
  0x0000024e19ef2340 JavaThread "JDWP Event Helper Thread"   daemon [_thread_blocked, id=14100, stack(0x000000a1a4f00000,0x000000a1a5000000) (1024K)]
  0x0000024e19ef49e0 JavaThread "JDWP Command Reader"        daemon [_thread_blocked, id=35804, stack(0x000000a1a5000000,0x000000a1a5100000) (1024K)]
  0x0000024e1e16bd60 JavaThread "C2 CompilerThread1"         daemon [_thread_blocked, id=29924, stack(0x000000a1a4d00000,0x000000a1a4e00000) (1024K)]
  0x0000024e1e5dc820 JavaThread "Notification Thread"        daemon [_thread_blocked, id=6104, stack(0x000000a1a5100000,0x000000a1a5200000) (1024K)]
  0x0000024e1e849d40 JavaThread "C1 CompilerThread2"         daemon [_thread_blocked, id=29240, stack(0x000000a1a5200000,0x000000a1a5300000) (1024K)]
  0x0000024e1f1b03e0 JavaThread "Thread-0"                          [_thread_blocked, id=25004, stack(0x000000a1a5b00000,0x000000a1a5c00000) (1024K)]
=>0x0000024e1f1b0a50 JavaThread "restartedMain"                     [_thread_in_Java, id=17152, stack(0x000000a1a5c00000,0x000000a1a5d00000) (1024K)]
  0x0000024e22bf4e50 JavaThread "C2 CompilerThread2"         daemon [_thread_blocked, id=35204, stack(0x000000a1a5f00000,0x000000a1a6000000) (1024K)]
Total: 20

Other Threads:
  0x0000024e19b5f5a0 VMThread "VM Thread"                           [id=27020, stack(0x000000a1a4200000,0x000000a1a4300000) (1024K)] _threads_hazard_ptr=0x0000024e1ff3b3f0
  0x0000024e19aeb370 WatcherThread "VM Periodic Task Thread"        [id=17816, stack(0x000000a1a4100000,0x000000a1a4200000) (1024K)]
  0x0000024e7fe9b1d0 WorkerThread "GC Thread#0"                     [id=22040, stack(0x000000a1a3c00000,0x000000a1a3d00000) (1024K)]
  0x0000024e19b5e330 WorkerThread "GC Thread#1"                     [id=13480, stack(0x000000a1a5400000,0x000000a1a5500000) (1024K)]
  0x0000024e19b5e6e0 WorkerThread "GC Thread#2"                     [id=14068, stack(0x000000a1a5500000,0x000000a1a5600000) (1024K)]
  0x0000024e19b5dbd0 WorkerThread "GC Thread#3"                     [id=1160, stack(0x000000a1a5600000,0x000000a1a5700000) (1024K)]
  0x0000024e19b5df80 WorkerThread "GC Thread#4"                     [id=29712, stack(0x000000a1a5700000,0x000000a1a5800000) (1024K)]
  0x0000024e19b5ee40 WorkerThread "GC Thread#5"                     [id=17472, stack(0x000000a1a5800000,0x000000a1a5900000) (1024K)]
  0x0000024e19b5ea90 WorkerThread "GC Thread#6"                     [id=35052, stack(0x000000a1a5900000,0x000000a1a5a00000) (1024K)]
  0x0000024e1eda84d0 WorkerThread "GC Thread#7"                     [id=11924, stack(0x000000a1a5a00000,0x000000a1a5b00000) (1024K)]
  0x0000024e1eda8880 WorkerThread "GC Thread#8"                     [id=16000, stack(0x000000a1a5d00000,0x000000a1a5e00000) (1024K)]
  0x0000024e1eda6750 WorkerThread "GC Thread#9"                     [id=30648, stack(0x000000a1a5e00000,0x000000a1a5f00000) (1024K)]
  0x0000024e1eda63a0 WorkerThread "GC Thread#10"                    [id=12164, stack(0x000000a1a6000000,0x000000a1a6100000) (1024K)]
  0x0000024e1eda8c30 WorkerThread "GC Thread#11"                    [id=31112, stack(0x000000a1a6100000,0x000000a1a6200000) (1024K)]
  0x0000024e1eda9390 WorkerThread "GC Thread#12"                    [id=26448, stack(0x000000a1a6200000,0x000000a1a6300000) (1024K)]
  0x0000024e7feaacc0 ConcurrentGCThread "G1 Main Marker"            [id=34808, stack(0x000000a1a3d00000,0x000000a1a3e00000) (1024K)]
  0x0000024e7fead700 WorkerThread "G1 Conc#0"                       [id=26284, stack(0x000000a1a3e00000,0x000000a1a3f00000) (1024K)]
  0x0000024e1eda6b00 WorkerThread "G1 Conc#1"                       [id=36436, stack(0x000000a1a6300000,0x000000a1a6400000) (1024K)]
  0x0000024e1eda9af0 WorkerThread "G1 Conc#2"                       [id=37236, stack(0x000000a1a6400000,0x000000a1a6500000) (1024K)]
  0x0000024e199be6e0 ConcurrentGCThread "G1 Refine#0"               [id=21776, stack(0x000000a1a3f00000,0x000000a1a4000000) (1024K)]
  0x0000024e199c1b40 ConcurrentGCThread "G1 Service"                [id=25552, stack(0x000000a1a4000000,0x000000a1a4100000) (1024K)]
Total: 21

Threads with active compile tasks:
Total: 0

VM state: synchronizing (normal execution)

VM Mutex/Monitor currently owned by a thread:  ([mutex/lock_event])
[0x00007ffc22fbffa8] Threads_lock - owner thread: 0x0000024e19b5f5a0

Heap address: 0x000000008a800000, size: 1880 MB, Compressed Oops mode: 32-bit

CDS archive(s) not mapped
Compressed class space mapped at: 0x0000000026000000-0x0000000066000000, reserved size: 1073741824
Narrow klass base: 0x0000000000000000, Narrow klass shift: 0, Narrow klass range: 0x66000000

GC Precious Log:
 CardTable entry size: 512
 Card Set container configuration: InlinePtr #cards 5 size 8 Array Of Cards #cards 12 size 40 Howl #buckets 4 coarsen threshold 1843 Howl Bitmap #cards 512 size 80 coarsen threshold 460 Card regions per heap region 1 cards per card region 2048
 CPUs: 16 total, 16 available
 Memory: 7514M
 Large Page Support: Disabled
 NUMA Support: Disabled
 Compressed Oops: Enabled (32-bit)
 Heap Region Size: 1M
 Heap Min Capacity: 8M
 Heap Initial Capacity: 118M
 Heap Max Capacity: 1880M
 Pre-touch: Disabled
 Parallel Workers: 13
 Concurrent Workers: 3
 Concurrent Refinement Workers: 13
 Periodic GC: Disabled

Heap:
 garbage-first heap   total reserved 1925120K, committed 49152K, used 25391K [0x000000008a800000, 0x0000000100000000)
  region size 1024K, 9 young (9216K), 3 survivors (3072K)
 Metaspace       used 42897K, committed 43456K, reserved 1114112K
  class space    used 4976K, committed 5248K, reserved 1048576K

Heap Regions: E=young(eden), S=young(survivor), O=old, HS=humongous(starts), HC=humongous(continues), CS=collection set, F=free, TAMS=top-at-mark-start, PB=parsable bottom
|   0|0x000000008a800000, 0x000000008a900000, 0x000000008a900000|100%|HS|  |TAMS 0x000000008a800000| PB 0x000000008a800000| Complete |  0
|   1|0x000000008a900000, 0x000000008aa00000, 0x000000008aa00000|100%|HS|  |TAMS 0x000000008a900000| PB 0x000000008a900000| Complete |  0
|   2|0x000000008aa00000, 0x000000008ab00000, 0x000000008ab00000|100%| O|  |TAMS 0x000000008aa00000| PB 0x000000008aa00000| Untracked |  0
|   3|0x000000008ab00000, 0x000000008ac00000, 0x000000008ac00000|100%| O|  |TAMS 0x000000008ab00000| PB 0x000000008ab00000| Untracked |  0
|   4|0x000000008ac00000, 0x000000008ad00000, 0x000000008ad00000|100%| O|  |TAMS 0x000000008ac00000| PB 0x000000008ac00000| Untracked |  0
|   5|0x000000008ad00000, 0x000000008ae00000, 0x000000008ae00000|100%| O|  |TAMS 0x000000008ad00000| PB 0x000000008ad00000| Untracked |  0
|   6|0x000000008ae00000, 0x000000008af00000, 0x000000008af00000|100%| O|  |TAMS 0x000000008ae00000| PB 0x000000008ae00000| Untracked |  0
|   7|0x000000008af00000, 0x000000008affb7c0, 0x000000008b000000| 98%| O|  |TAMS 0x000000008af00000| PB 0x000000008af00000| Untracked |  0
|   8|0x000000008b000000, 0x000000008b100000, 0x000000008b100000|100%| O|  |TAMS 0x000000008b000000| PB 0x000000008b000000| Untracked |  0
|   9|0x000000008b100000, 0x000000008b200000, 0x000000008b200000|100%| O|  |TAMS 0x000000008b100000| PB 0x000000008b100000| Untracked |  0
|  10|0x000000008b200000, 0x000000008b300000, 0x000000008b300000|100%| O|  |TAMS 0x000000008b200000| PB 0x000000008b200000| Untracked |  0
|  11|0x000000008b300000, 0x000000008b400000, 0x000000008b400000|100%| O|  |TAMS 0x000000008b300000| PB 0x000000008b300000| Untracked |  0
|  12|0x000000008b400000, 0x000000008b500000, 0x000000008b500000|100%| O|  |TAMS 0x000000008b400000| PB 0x000000008b400000| Untracked |  0
|  13|0x000000008b500000, 0x000000008b600000, 0x000000008b600000|100%| O|  |TAMS 0x000000008b500000| PB 0x000000008b500000| Untracked |  0
|  14|0x000000008b600000, 0x000000008b700000, 0x000000008b700000|100%| O|  |TAMS 0x000000008b600000| PB 0x000000008b600000| Untracked |  0
|  15|0x000000008b700000, 0x000000008b800000, 0x000000008b800000|100%| O|  |TAMS 0x000000008b700000| PB 0x000000008b700000| Untracked |  0
|  16|0x000000008b800000, 0x000000008b900000, 0x000000008b900000|100%| O|  |TAMS 0x000000008b800000| PB 0x000000008b800000| Untracked |  0
|  17|0x000000008b900000, 0x000000008b900000, 0x000000008ba00000|  0%| F|  |TAMS 0x000000008b900000| PB 0x000000008b900000| Untracked |  0
|  18|0x000000008ba00000, 0x000000008ba00000, 0x000000008bb00000|  0%| F|  |TAMS 0x000000008ba00000| PB 0x000000008ba00000| Untracked |  0
|  19|0x000000008bb00000, 0x000000008bb00000, 0x000000008bc00000|  0%| F|  |TAMS 0x000000008bb00000| PB 0x000000008bb00000| Untracked |  0
|  20|0x000000008bc00000, 0x000000008bc00000, 0x000000008bd00000|  0%| F|  |TAMS 0x000000008bc00000| PB 0x000000008bc00000| Untracked |  0
|  21|0x000000008bd00000, 0x000000008bd00000, 0x000000008be00000|  0%| F|  |TAMS 0x000000008bd00000| PB 0x000000008bd00000| Untracked |  0
|  22|0x000000008be00000, 0x000000008be00000, 0x000000008bf00000|  0%| F|  |TAMS 0x000000008be00000| PB 0x000000008be00000| Untracked |  0
|  23|0x000000008bf00000, 0x000000008bf00000, 0x000000008c000000|  0%| F|  |TAMS 0x000000008bf00000| PB 0x000000008bf00000| Untracked |  0
|  24|0x000000008c000000, 0x000000008c0d0670, 0x000000008c100000| 81%| S|CS|TAMS 0x000000008c000000| PB 0x000000008c000000| Complete |  0
|  25|0x000000008c100000, 0x000000008c200000, 0x000000008c200000|100%| S|CS|TAMS 0x000000008c100000| PB 0x000000008c100000| Complete |  0
|  26|0x000000008c200000, 0x000000008c300000, 0x000000008c300000|100%| S|CS|TAMS 0x000000008c200000| PB 0x000000008c200000| Complete |  0
|  27|0x000000008c300000, 0x000000008c300000, 0x000000008c400000|  0%| F|  |TAMS 0x000000008c300000| PB 0x000000008c300000| Untracked |  0
|  28|0x000000008c400000, 0x000000008c400000, 0x000000008c500000|  0%| F|  |TAMS 0x000000008c400000| PB 0x000000008c400000| Untracked |  0
|  29|0x000000008c500000, 0x000000008c500000, 0x000000008c600000|  0%| F|  |TAMS 0x000000008c500000| PB 0x000000008c500000| Untracked |  0
|  30|0x000000008c600000, 0x000000008c600000, 0x000000008c700000|  0%| F|  |TAMS 0x000000008c600000| PB 0x000000008c600000| Untracked |  0
|  31|0x000000008c700000, 0x000000008c700000, 0x000000008c800000|  0%| F|  |TAMS 0x000000008c700000| PB 0x000000008c700000| Untracked |  0
|  32|0x000000008c800000, 0x000000008c800000, 0x000000008c900000|  0%| F|  |TAMS 0x000000008c800000| PB 0x000000008c800000| Untracked |  0
|  33|0x000000008c900000, 0x000000008c900000, 0x000000008ca00000|  0%| F|  |TAMS 0x000000008c900000| PB 0x000000008c900000| Untracked |  0
|  34|0x000000008ca00000, 0x000000008ca00000, 0x000000008cb00000|  0%| F|  |TAMS 0x000000008ca00000| PB 0x000000008ca00000| Untracked |  0
|  35|0x000000008cb00000, 0x000000008cb00000, 0x000000008cc00000|  0%| F|  |TAMS 0x000000008cb00000| PB 0x000000008cb00000| Untracked |  0
|  36|0x000000008cc00000, 0x000000008cc00000, 0x000000008cd00000|  0%| F|  |TAMS 0x000000008cc00000| PB 0x000000008cc00000| Untracked |  0
|  37|0x000000008cd00000, 0x000000008cd00000, 0x000000008ce00000|  0%| F|  |TAMS 0x000000008cd00000| PB 0x000000008cd00000| Untracked |  0
|  38|0x000000008ce00000, 0x000000008ce00000, 0x000000008cf00000|  0%| F|  |TAMS 0x000000008ce00000| PB 0x000000008ce00000| Untracked |  0
|  39|0x000000008cf00000, 0x000000008cf00000, 0x000000008d000000|  0%| F|  |TAMS 0x000000008cf00000| PB 0x000000008cf00000| Untracked |  0
|  40|0x000000008d000000, 0x000000008d000000, 0x000000008d100000|  0%| F|  |TAMS 0x000000008d000000| PB 0x000000008d000000| Untracked |  0
|  41|0x000000008d100000, 0x000000008d100000, 0x000000008d200000|  0%| F|  |TAMS 0x000000008d100000| PB 0x000000008d100000| Untracked |  0
|  42|0x000000008d200000, 0x000000008d2a0b48, 0x000000008d300000| 62%| E|  |TAMS 0x000000008d200000| PB 0x000000008d200000| Complete |  0
|  85|0x000000008fd00000, 0x000000008fe00000, 0x000000008fe00000|100%| E|CS|TAMS 0x000000008fd00000| PB 0x000000008fd00000| Complete |  0
|  86|0x000000008fe00000, 0x000000008ff00000, 0x000000008ff00000|100%| E|CS|TAMS 0x000000008fe00000| PB 0x000000008fe00000| Complete |  0
|  87|0x000000008ff00000, 0x0000000090000000, 0x0000000090000000|100%| E|CS|TAMS 0x000000008ff00000| PB 0x000000008ff00000| Complete |  0
| 116|0x0000000091c00000, 0x0000000091d00000, 0x0000000091d00000|100%| E|CS|TAMS 0x0000000091c00000| PB 0x0000000091c00000| Complete |  0
| 117|0x0000000091d00000, 0x0000000091e00000, 0x0000000091e00000|100%| E|CS|TAMS 0x0000000091d00000| PB 0x0000000091d00000| Complete |  0

Card table byte_map: [0x0000024e14a70000,0x0000024e14e20000] _byte_map_base: 0x0000024e1461c000

Marking Bits: (CMBitMap*) 0x0000024e7fe9b8e0
 Bits: [0x0000024e14e20000, 0x0000024e16b80000)

Polling page: 0x0000024e7f380000

Metaspace:

Usage:
  Non-class:     37.03 MB used.
      Class:      4.86 MB used.
       Both:     41.89 MB used.

Virtual space:
  Non-class space:       64.00 MB reserved,      37.31 MB ( 58%) committed,  1 nodes.
      Class space:        1.00 GB reserved,       5.12 MB ( <1%) committed,  1 nodes.
             Both:        1.06 GB reserved,      42.44 MB (  4%) committed. 

Chunk freelists:
   Non-Class:  9.97 MB
       Class:  10.92 MB
        Both:  20.89 MB

MaxMetaspaceSize: unlimited
CompressedClassSpaceSize: 1.00 GB
Initial GC threshold: 21.00 MB
Current GC threshold: 58.69 MB
CDS: off
 - commit_granule_bytes: 65536.
 - commit_granule_words: 8192.
 - virtual_space_node_default_size: 8388608.
 - enlarge_chunks_in_place: 1.
 - use_allocation_guard: 0.


Internal statistics:

num_allocs_failed_limit: 8.
num_arena_births: 626.
num_arena_deaths: 0.
num_vsnodes_births: 2.
num_vsnodes_deaths: 0.
num_space_committed: 679.
num_space_uncommitted: 0.
num_chunks_returned_to_freelist: 8.
num_chunks_taken_from_freelist: 1809.
num_chunk_merges: 8.
num_chunk_splits: 1180.
num_chunks_enlarged: 814.
num_inconsistent_stats: 0.

CodeHeap 'non-profiled nmethods': size=119168Kb used=3694Kb max_used=3694Kb free=115474Kb
 bounds [0x0000024e0c9e0000, 0x0000024e0cd80000, 0x0000024e13e40000]
CodeHeap 'profiled nmethods': size=119104Kb used=10302Kb max_used=10302Kb free=108801Kb
 bounds [0x0000024e04e40000, 0x0000024e05850000, 0x0000024e0c290000]
CodeHeap 'non-nmethods': size=7488Kb used=2680Kb max_used=3376Kb free=4807Kb
 bounds [0x0000024e0c290000, 0x0000024e0c5f0000, 0x0000024e0c9e0000]
 total_blobs=5272 nmethods=4703 adapters=471
 compilation: enabled
              stopped_count=0, restarted_count=0
 full_count=0

Compilation events (20 events):
Event: 8.296 Thread 0x0000024e22bf4e50 4909       4       java.util.Objects::checkFromIndexSize (8 bytes)
Event: 8.296 Thread 0x0000024e19c22c20 4907   !   4       java.lang.String::<init> (880 bytes)
Event: 8.297 Thread 0x0000024e22bf4e50 nmethod 4909 0x0000024e0cd46c10 code [0x0000024e0cd46d80, 0x0000024e0cd46e50]
Event: 8.297 Thread 0x0000024e22bf4e50 4910       4       java.lang.String::<init> (22 bytes)
Event: 8.301 Thread 0x0000024e22bf4e50 nmethod 4910 0x0000024e0cd46f10 code [0x0000024e0cd470a0, 0x0000024e0cd47228]
Event: 8.301 Thread 0x0000024e22bf4e50 4917       4       sun.security.provider.SHA5::lf_sigma1 (21 bytes)
Event: 8.301 Thread 0x0000024e22bf4e50 nmethod 4917 0x0000024e0cd47410 code [0x0000024e0cd47580, 0x0000024e0cd47600]
Event: 8.301 Thread 0x0000024e22bf4e50 4903       4       java.io.WinNTFileSystem::isLetter (30 bytes)
Event: 8.302 Thread 0x0000024e22bf4e50 nmethod 4903 0x0000024e0cd47710 code [0x0000024e0cd478a0, 0x0000024e0cd47970]
Event: 8.302 Thread 0x0000024e22bf4e50 4831       4       jdk.internal.misc.Unsafe::getInt (7 bytes)
Event: 8.303 Thread 0x0000024e22bf4e50 nmethod 4831 0x0000024e0cd47a10 code [0x0000024e0cd47b80, 0x0000024e0cd47c00]
Event: 8.303 Thread 0x0000024e22bf4e50 4843       4       jdk.internal.misc.Unsafe::getLong (7 bytes)
Event: 8.303 Thread 0x0000024e22bf4e50 nmethod 4843 0x0000024e0cd47d10 code [0x0000024e0cd47e80, 0x0000024e0cd47f00]
Event: 8.310 Thread 0x0000024e22bf4e50 5002       4       org.springframework.util.ObjectUtils::nullSafeHashCode (174 bytes)
Event: 8.315 Thread 0x0000024e22bf4e50 nmethod 5002 0x0000024e0cd48010 code [0x0000024e0cd48240, 0x0000024e0cd48550]
Event: 8.325 Thread 0x0000024e22dc1120 nmethod 4983 0x0000024e0cd48810 code [0x0000024e0cd48ac0, 0x0000024e0cd49ef8]
Event: 8.344 Thread 0x0000024e19c22c20 nmethod 4907 0x0000024e0cd4ac10 code [0x0000024e0cd4aee0, 0x0000024e0cd4cb20]
Event: 8.359 Thread 0x0000024e24d0a610 nmethod 4898% 0x0000024e0cd4d590 code [0x0000024e0cd4daa0, 0x0000024e0cd53de8]
Event: 8.547 Thread 0x0000024e1e16bd60 nmethod 4815 0x0000024e0cd56c10 code [0x0000024e0cd576a0, 0x0000024e0cd61158]
Event: 8.641 Thread 0x0000024e23b83b50 nmethod 4810 0x0000024e0cd69790 code [0x0000024e0cd6a300, 0x0000024e0cd731f0]

GC Heap History (20 events):
Event: 3.112 GC heap before
{Heap before GC invocations=4 (full 0):
 garbage-first heap   total reserved 1925120K, committed 37888K, used 36641K [0x000000008a800000, 0x0000000100000000)
  region size 1024K, 29 young (29696K), 3 survivors (3072K)
 Metaspace       used 24581K, committed 24960K, reserved 1114112K
  class space    used 2615K, committed 2752K, reserved 1048576K
}
Event: 3.116 GC heap after
{Heap after GC invocations=5 (full 0):
 garbage-first heap   total reserved 1925120K, committed 40960K, used 10993K [0x000000008a800000, 0x0000000100000000)
  region size 1024K, 3 young (3072K), 3 survivors (3072K)
 Metaspace       used 24581K, committed 24960K, reserved 1114112K
  class space    used 2615K, committed 2752K, reserved 1048576K
}
Event: 3.370 GC heap before
{Heap before GC invocations=5 (full 0):
 garbage-first heap   total reserved 1925120K, committed 40960K, used 31473K [0x000000008a800000, 0x0000000100000000)
  region size 1024K, 24 young (24576K), 3 survivors (3072K)
 Metaspace       used 27163K, committed 27520K, reserved 1114112K
  class space    used 2896K, committed 3072K, reserved 1048576K
}
Event: 3.374 GC heap after
{Heap after GC invocations=6 (full 0):
 garbage-first heap   total reserved 1925120K, committed 40960K, used 12217K [0x000000008a800000, 0x0000000100000000)
  region size 1024K, 2 young (2048K), 2 survivors (2048K)
 Metaspace       used 27163K, committed 27520K, reserved 1114112K
  class space    used 2896K, committed 3072K, reserved 1048576K
}
Event: 3.575 GC heap before
{Heap before GC invocations=6 (full 0):
 garbage-first heap   total reserved 1925120K, committed 40960K, used 32697K [0x000000008a800000, 0x0000000100000000)
  region size 1024K, 23 young (23552K), 2 survivors (2048K)
 Metaspace       used 29372K, committed 29760K, reserved 1114112K
  class space    used 3171K, committed 3328K, reserved 1048576K
}
Event: 3.578 GC heap after
{Heap after GC invocations=7 (full 0):
 garbage-first heap   total reserved 1925120K, committed 40960K, used 12552K [0x000000008a800000, 0x0000000100000000)
  region size 1024K, 2 young (2048K), 2 survivors (2048K)
 Metaspace       used 29372K, committed 29760K, reserved 1114112K
  class space    used 3171K, committed 3328K, reserved 1048576K
}
Event: 3.969 GC heap before
{Heap before GC invocations=7 (full 0):
 garbage-first heap   total reserved 1925120K, committed 40960K, used 33032K [0x000000008a800000, 0x0000000100000000)
  region size 1024K, 23 young (23552K), 2 survivors (2048K)
 Metaspace       used 31220K, committed 31616K, reserved 1114112K
  class space    used 3426K, committed 3584K, reserved 1048576K
}
Event: 3.972 GC heap after
{Heap after GC invocations=8 (full 0):
 garbage-first heap   total reserved 1925120K, committed 49152K, used 13723K [0x000000008a800000, 0x0000000100000000)
  region size 1024K, 3 young (3072K), 3 survivors (3072K)
 Metaspace       used 31220K, committed 31616K, reserved 1114112K
  class space    used 3426K, committed 3584K, reserved 1048576K
}
Event: 4.820 GC heap before
{Heap before GC invocations=8 (full 0):
 garbage-first heap   total reserved 1925120K, committed 49152K, used 38299K [0x000000008a800000, 0x0000000100000000)
  region size 1024K, 28 young (28672K), 3 survivors (3072K)
 Metaspace       used 32961K, committed 33408K, reserved 1114112K
  class space    used 3624K, committed 3840K, reserved 1048576K
}
Event: 4.824 GC heap after
{Heap after GC invocations=9 (full 0):
 garbage-first heap   total reserved 1925120K, committed 49152K, used 15561K [0x000000008a800000, 0x0000000100000000)
  region size 1024K, 4 young (4096K), 4 survivors (4096K)
 Metaspace       used 32961K, committed 33408K, reserved 1114112K
  class space    used 3624K, committed 3840K, reserved 1048576K
}
Event: 5.659 GC heap before
{Heap before GC invocations=9 (full 0):
 garbage-first heap   total reserved 1925120K, committed 49152K, used 39113K [0x000000008a800000, 0x0000000100000000)
  region size 1024K, 28 young (28672K), 4 survivors (4096K)
 Metaspace       used 34420K, committed 34816K, reserved 1114112K
  class space    used 3810K, committed 4032K, reserved 1048576K
}
Event: 5.663 GC heap after
{Heap after GC invocations=10 (full 0):
 garbage-first heap   total reserved 1925120K, committed 49152K, used 16242K [0x000000008a800000, 0x0000000100000000)
  region size 1024K, 3 young (3072K), 3 survivors (3072K)
 Metaspace       used 34420K, committed 34816K, reserved 1114112K
  class space    used 3810K, committed 4032K, reserved 1048576K
}
Event: 6.091 GC heap before
{Heap before GC invocations=10 (full 0):
 garbage-first heap   total reserved 1925120K, committed 49152K, used 32626K [0x000000008a800000, 0x0000000100000000)
  region size 1024K, 20 young (20480K), 3 survivors (3072K)
 Metaspace       used 35565K, committed 35968K, reserved 1114112K
  class space    used 3961K, committed 4160K, reserved 1048576K
}
Event: 6.094 GC heap after
{Heap after GC invocations=11 (full 0):
 garbage-first heap   total reserved 1925120K, committed 49152K, used 16859K [0x000000008a800000, 0x0000000100000000)
  region size 1024K, 2 young (2048K), 2 survivors (2048K)
 Metaspace       used 35565K, committed 35968K, reserved 1114112K
  class space    used 3961K, committed 4160K, reserved 1048576K
}
Event: 6.923 GC heap before
{Heap before GC invocations=12 (full 0):
 garbage-first heap   total reserved 1925120K, committed 49152K, used 43483K [0x000000008a800000, 0x0000000100000000)
  region size 1024K, 28 young (28672K), 2 survivors (2048K)
 Metaspace       used 37668K, committed 38144K, reserved 1114112K
  class space    used 4262K, committed 4480K, reserved 1048576K
}
Event: 6.927 GC heap after
{Heap after GC invocations=13 (full 0):
 garbage-first heap   total reserved 1925120K, committed 49152K, used 17810K [0x000000008a800000, 0x0000000100000000)
  region size 1024K, 3 young (3072K), 3 survivors (3072K)
 Metaspace       used 37668K, committed 38144K, reserved 1114112K
  class space    used 4262K, committed 4480K, reserved 1048576K
}
Event: 7.575 GC heap before
{Heap before GC invocations=13 (full 0):
 garbage-first heap   total reserved 1925120K, committed 49152K, used 41362K [0x000000008a800000, 0x0000000100000000)
  region size 1024K, 27 young (27648K), 3 survivors (3072K)
 Metaspace       used 40150K, committed 40640K, reserved 1114112K
  class space    used 4680K, committed 4864K, reserved 1048576K
}
Event: 7.581 GC heap after
{Heap after GC invocations=14 (full 0):
 garbage-first heap   total reserved 1925120K, committed 49152K, used 19091K [0x000000008a800000, 0x0000000100000000)
  region size 1024K, 4 young (4096K), 4 survivors (4096K)
 Metaspace       used 40150K, committed 40640K, reserved 1114112K
  class space    used 4680K, committed 4864K, reserved 1048576K
}
Event: 8.131 GC heap before
{Heap before GC invocations=14 (full 0):
 garbage-first heap   total reserved 1925120K, committed 49152K, used 40595K [0x000000008a800000, 0x0000000100000000)
  region size 1024K, 25 young (25600K), 4 survivors (4096K)
 Metaspace       used 42425K, committed 42880K, reserved 1114112K
  class space    used 4912K, committed 5120K, reserved 1048576K
}
Event: 8.136 GC heap after
{Heap after GC invocations=15 (full 0):
 garbage-first heap   total reserved 1925120K, committed 49152K, used 20271K [0x000000008a800000, 0x0000000100000000)
  region size 1024K, 3 young (3072K), 3 survivors (3072K)
 Metaspace       used 42425K, committed 42880K, reserved 1114112K
  class space    used 4912K, committed 5120K, reserved 1048576K
}

Dll operation events (12 events):
Event: 0.018 Loaded shared library C:\Users\twigs\.p2\pool\plugins\org.eclipse.justj.openjdk.hotspot.jre.full.win32.x86_64_22.0.1.v20240426-1149\jre\bin\java.dll
Event: 0.024 Loaded shared library C:\Users\twigs\.p2\pool\plugins\org.eclipse.justj.openjdk.hotspot.jre.full.win32.x86_64_22.0.1.v20240426-1149\jre\bin\zip.dll
Event: 0.311 Loaded shared library C:\Users\twigs\.p2\pool\plugins\org.eclipse.justj.openjdk.hotspot.jre.full.win32.x86_64_22.0.1.v20240426-1149\jre\bin\instrument.dll
Event: 0.324 Loaded shared library C:\Users\twigs\.p2\pool\plugins\org.eclipse.justj.openjdk.hotspot.jre.full.win32.x86_64_22.0.1.v20240426-1149\jre\bin\net.dll
Event: 0.326 Loaded shared library C:\Users\twigs\.p2\pool\plugins\org.eclipse.justj.openjdk.hotspot.jre.full.win32.x86_64_22.0.1.v20240426-1149\jre\bin\nio.dll
Event: 0.335 Loaded shared library C:\Users\twigs\.p2\pool\plugins\org.eclipse.justj.openjdk.hotspot.jre.full.win32.x86_64_22.0.1.v20240426-1149\jre\bin\zip.dll
Event: 0.631 Loaded shared library C:\Users\twigs\.p2\pool\plugins\org.eclipse.justj.openjdk.hotspot.jre.full.win32.x86_64_22.0.1.v20240426-1149\jre\bin\jimage.dll
Event: 0.719 Loaded shared library C:\Users\twigs\.p2\pool\plugins\org.eclipse.justj.openjdk.hotspot.jre.full.win32.x86_64_22.0.1.v20240426-1149\jre\bin\verify.dll
Event: 1.303 Loaded shared library C:\Users\twigs\.p2\pool\plugins\org.eclipse.justj.openjdk.hotspot.jre.full.win32.x86_64_22.0.1.v20240426-1149\jre\bin\management.dll
Event: 1.312 Loaded shared library C:\Users\twigs\.p2\pool\plugins\org.eclipse.justj.openjdk.hotspot.jre.full.win32.x86_64_22.0.1.v20240426-1149\jre\bin\management_ext.dll
Event: 2.485 Loaded shared library C:\Users\twigs\.p2\pool\plugins\org.eclipse.justj.openjdk.hotspot.jre.full.win32.x86_64_22.0.1.v20240426-1149\jre\bin\le.dll
Event: 3.897 Loaded shared library C:\Users\twigs\.p2\pool\plugins\org.eclipse.justj.openjdk.hotspot.jre.full.win32.x86_64_22.0.1.v20240426-1149\jre\bin\sunmscapi.dll

Deoptimization events (20 events):
Event: 17.735 Thread 0x0000024e1f1b0a50 DEOPT PACKING pc=0x0000024e052d2a6c sp=0x000000a1a5cfc2c0
Event: 17.735 Thread 0x0000024e1f1b0a50 DEOPT UNPACKING pc=0x0000024e0c2e4e42 sp=0x000000a1a5cfb778 mode 0
Event: 17.749 Thread 0x0000024e19f37890 DEOPT PACKING pc=0x0000024e054dafe1 sp=0x000000a1a4efb660
Event: 17.749 Thread 0x0000024e19f37890 DEOPT UNPACKING pc=0x0000024e0c2e4e42 sp=0x000000a1a4efab38 mode 1
Event: 17.749 Thread 0x0000024e19f37890 DEOPT PACKING pc=0x0000024e054dcadc sp=0x000000a1a4efb6f0
Event: 17.750 Thread 0x0000024e19f37890 DEOPT UNPACKING pc=0x0000024e0c2e4e42 sp=0x000000a1a4efaca0 mode 1
Event: 17.750 Thread 0x0000024e19f37890 DEOPT PACKING pc=0x0000024e054df00c sp=0x000000a1a4efb860
Event: 17.750 Thread 0x0000024e19f37890 DEOPT UNPACKING pc=0x0000024e0c2e4e42 sp=0x000000a1a4efae00 mode 1
Event: 17.750 Thread 0x0000024e19f37890 DEOPT PACKING pc=0x0000024e054dafe1 sp=0x000000a1a4efb660
Event: 17.750 Thread 0x0000024e19f37890 DEOPT UNPACKING pc=0x0000024e0c2e4e42 sp=0x000000a1a4efab38 mode 1
Event: 17.750 Thread 0x0000024e19f37890 DEOPT PACKING pc=0x0000024e054dcadc sp=0x000000a1a4efb6f0
Event: 17.750 Thread 0x0000024e19f37890 DEOPT UNPACKING pc=0x0000024e0c2e4e42 sp=0x000000a1a4efaca0 mode 1
Event: 17.750 Thread 0x0000024e19f37890 DEOPT PACKING pc=0x0000024e054df00c sp=0x000000a1a4efb860
Event: 17.750 Thread 0x0000024e19f37890 DEOPT UNPACKING pc=0x0000024e0c2e4e42 sp=0x000000a1a4efae00 mode 1
Event: 17.750 Thread 0x0000024e19f37890 DEOPT PACKING pc=0x0000024e054dafe1 sp=0x000000a1a4efb660
Event: 17.750 Thread 0x0000024e19f37890 DEOPT UNPACKING pc=0x0000024e0c2e4e42 sp=0x000000a1a4efab38 mode 1
Event: 17.750 Thread 0x0000024e19f37890 DEOPT PACKING pc=0x0000024e054dcadc sp=0x000000a1a4efb6f0
Event: 17.750 Thread 0x0000024e19f37890 DEOPT UNPACKING pc=0x0000024e0c2e4e42 sp=0x000000a1a4efaca0 mode 1
Event: 17.750 Thread 0x0000024e19f37890 DEOPT PACKING pc=0x0000024e054df00c sp=0x000000a1a4efb860
Event: 17.750 Thread 0x0000024e19f37890 DEOPT UNPACKING pc=0x0000024e0c2e4e42 sp=0x000000a1a4efae00 mode 1

Classes loaded (20 events):
Event: 8.045 Loading class com/sun/jmx/mbeanserver/Util
Event: 8.046 Loading class com/sun/jmx/mbeanserver/Util done
Event: 8.083 Loading class java/util/concurrent/ScheduledThreadPoolExecutor
Event: 8.084 Loading class java/util/concurrent/ScheduledThreadPoolExecutor done
Event: 8.087 Loading class java/util/concurrent/ScheduledThreadPoolExecutor$DelayedWorkQueue
Event: 8.087 Loading class java/util/concurrent/ScheduledThreadPoolExecutor$DelayedWorkQueue done
Event: 8.088 Loading class java/util/concurrent/RunnableScheduledFuture
Event: 8.088 Loading class java/util/concurrent/ScheduledFuture
Event: 8.088 Loading class java/util/concurrent/Delayed
Event: 8.092 Loading class java/util/concurrent/Delayed done
Event: 8.092 Loading class java/util/concurrent/ScheduledFuture done
Event: 8.092 Loading class java/util/concurrent/RunnableScheduledFuture done
Event: 8.095 Loading class java/util/logging/LogRecord
Event: 8.095 Loading class java/util/logging/LogRecord done
Event: 8.258 Loading class java/util/UUID$Holder
Event: 8.258 Loading class java/util/UUID$Holder done
Event: 8.258 Loading class jdk/internal/util/ByteArrayLittleEndian
Event: 8.259 Loading class jdk/internal/util/ByteArrayLittleEndian done
Event: 8.318 Loading class java/lang/invoke/WrongMethodTypeException
Event: 8.318 Loading class java/lang/invoke/WrongMethodTypeException done

Classes unloaded (0 events):
No events

Classes redefined (1 events):
Event: 17.758 Thread 0x0000024e19b5f5a0 redefined class name=com.app.userservice.Services.jwtService, count=1

Internal exceptions (20 events):
Event: 7.214 Thread 0x0000024e1f1b0a50 Exception <a 'java/lang/NoSuchMethodError'{0x000000008cd5a130}: 'java.lang.Object java.lang.invoke.DirectMethodHandle$Holder.invokeSpecialIFC(java.lang.Object, java.lang.Object, java.lang.Object)'> (0x000000008cd5a130) 
thrown [s\src\hotspot\share\interpreter\linkResolver.cpp, line 774]
Event: 7.237 Thread 0x0000024e1f1b0a50 Exception <a 'java/lang/NoSuchMethodError'{0x000000008cc270d0}: 'java.lang.Object java.lang.invoke.DirectMethodHandle$Holder.invokeVirtual(java.lang.Object, java.lang.Object, java.lang.Object, java.lang.Object, java.lang.Object)'> (0x000000008cc270d0) 
thrown [s\src\hotspot\share\interpreter\linkResolver.cpp, line 774]
Event: 7.384 Thread 0x0000024e1f1b0a50 Exception <a 'java/lang/NoSuchMethodError'{0x000000008c6f5490}: 'void java.lang.invoke.DirectMethodHandle$Holder.invokeStatic(java.lang.Object, java.lang.Object, int)'> (0x000000008c6f5490) 
thrown [s\src\hotspot\share\interpreter\linkResolver.cpp, line 774]
Event: 7.394 Thread 0x0000024e1f1b0a50 Implicit null exception at 0x0000024e0cae0d28 to 0x0000024e0cae1030
Event: 7.407 Thread 0x0000024e1f1b0a50 Exception <a 'java/lang/NoSuchMethodError'{0x000000008c575560}: 'java.lang.Object java.lang.invoke.DirectMethodHandle$Holder.invokeVirtual(java.lang.Object, java.lang.Object, java.lang.Object, java.lang.Object, java.lang.Object, java.lang.Object)'> (0x000000008c575560) 
thrown [s\src\hotspot\share\interpreter\linkResolver.cpp, line 774]
Event: 7.477 Thread 0x0000024e1f1b0a50 Exception <a 'java/lang/NoSuchMethodError'{0x000000008c3a6fe0}: 'void java.lang.invoke.DirectMethodHandle$Holder.invokeInterface(java.lang.Object, java.lang.Object, int)'> (0x000000008c3a6fe0) 
thrown [s\src\hotspot\share\interpreter\linkResolver.cpp, line 774]
Event: 7.489 Thread 0x0000024e1f1b0a50 Exception <a 'java/lang/IncompatibleClassChangeError'{0x000000008c3ea348}: Found class java.lang.Object, but interface was expected> (0x000000008c3ea348) 
thrown [s\src\hotspot\share\interpreter\linkResolver.cpp, line 841]
Event: 7.491 Thread 0x0000024e1f1b0a50 Exception <a 'java/lang/NoSuchMethodError'{0x000000008c3f8490}: 'int java.lang.invoke.DirectMethodHandle$Holder.invokeSpecialIFC(java.lang.Object, java.lang.Object, java.lang.Object)'> (0x000000008c3f8490) 
thrown [s\src\hotspot\share\interpreter\linkResolver.cpp, line 774]
Event: 7.495 Thread 0x0000024e1f1b0a50 Exception <a 'java/lang/NoSuchMethodError'{0x000000008c20d898}: 'void java.lang.invoke.DirectMethodHandle$Holder.invokeStatic(java.lang.Object, int, java.lang.Object)'> (0x000000008c20d898) 
thrown [s\src\hotspot\share\interpreter\linkResolver.cpp, line 774]
Event: 7.501 Thread 0x0000024e1f1b0a50 Exception <a 'java/lang/NoSuchMethodError'{0x000000008c23d790}: 'int java.lang.invoke.DirectMethodHandle$Holder.invokeSpecial(java.lang.Object, java.lang.Object, int)'> (0x000000008c23d790) 
thrown [s\src\hotspot\share\interpreter\linkResolver.cpp, line 774]
Event: 7.505 Thread 0x0000024e1f1b0a50 Exception <a 'java/lang/NoSuchMethodError'{0x000000008c250148}: 'void java.lang.invoke.DirectMethodHandle$Holder.invokeStatic(java.lang.Object, java.lang.Object, java.lang.Object, int, java.lang.Object)'> (0x000000008c250148) 
thrown [s\src\hotspot\share\interpreter\linkResolver.cpp, line 774]
Event: 7.506 Thread 0x0000024e1f1b0a50 Exception <a 'java/lang/NoSuchMethodError'{0x000000008c2569c8}: 'java.lang.Object java.lang.invoke.DirectMethodHandle$Holder.newInvokeSpecial(java.lang.Object, java.lang.Object, java.lang.Object, int)'> (0x000000008c2569c8) 
thrown [s\src\hotspot\share\interpreter\linkResolver.cpp, line 774]
Event: 7.506 Thread 0x0000024e1f1b0a50 Exception <a 'java/lang/NoSuchMethodError'{0x000000008c25a7c8}: 'java.lang.Object java.lang.invoke.DirectMethodHandle$Holder.invokeSpecial(java.lang.Object, java.lang.Object, java.lang.Object, java.lang.Object, int)'> (0x000000008c25a7c8) 
thrown [s\src\hotspot\share\interpreter\linkResolver.cpp, line 774]
Event: 7.506 Thread 0x0000024e1f1b0a50 Exception <a 'java/lang/NoSuchMethodError'{0x000000008c25dc50}: 'java.lang.Object java.lang.invoke.Invokers$Holder.linkToTargetMethod(java.lang.Object, java.lang.Object, int, java.lang.Object)'> (0x000000008c25dc50) 
thrown [s\src\hotspot\share\interpreter\linkResolver.cpp, line 774]
Event: 7.671 Thread 0x0000024e1f1b0a50 Exception <a 'java/lang/NoSuchMethodError'{0x000000008ffce128}: 'java.lang.Object java.lang.invoke.DirectMethodHandle$Holder.invokeStaticInit(java.lang.Object, int, int, int, int)'> (0x000000008ffce128) 
thrown [s\src\hotspot\share\interpreter\linkResolver.cpp, line 774]
Event: 7.713 Thread 0x0000024e1f1b0a50 Exception <a 'java/lang/NoSuchMethodError'{0x000000008feb9d68}: 'java.lang.Object java.lang.invoke.DirectMethodHandle$Holder.invokeStaticInit(java.lang.Object, java.lang.Object, int, int, int, int)'> (0x000000008feb9d68) 
thrown [s\src\hotspot\share\interpreter\linkResolver.cpp, line 774]
Event: 8.032 Thread 0x0000024e1f1b0a50 Exception <a 'java/lang/NoSuchMethodError'{0x000000008c54b730}: 'int java.lang.invoke.DirectMethodHandle$Holder.invokeVirtual(java.lang.Object, java.lang.Object, java.lang.Object, java.lang.Object)'> (0x000000008c54b730) 
thrown [s\src\hotspot\share\interpreter\linkResolver.cpp, line 774]
Event: 8.033 Thread 0x0000024e1f1b0a50 Exception <a 'java/lang/NoSuchMethodError'{0x000000008c54efb0}: 'int java.lang.invoke.DelegatingMethodHandle$Holder.reinvoke_L(java.lang.Object, java.lang.Object, java.lang.Object, java.lang.Object)'> (0x000000008c54efb0) 
thrown [s\src\hotspot\share\interpreter\linkResolver.cpp, line 774]
Event: 8.119 Thread 0x0000024e1f1b0a50 Exception <a 'java/io/FileNotFoundException'{0x000000008c3adbb0}> (0x000000008c3adbb0) 
thrown [s\src\hotspot\share\prims\jni.cpp, line 520]
Event: 8.238 Thread 0x0000024e1f1b0a50 Exception <a 'java/lang/NoSuchMethodError'{0x000000008fea1960}: 'int java.lang.invoke.DirectMethodHandle$Holder.invokeInterface(java.lang.Object, java.lang.Object, java.lang.Object, java.lang.Object)'> (0x000000008fea1960) 
thrown [s\src\hotspot\share\interpreter\linkResolver.cpp, line 774]

ZGC Phase Switch (0 events):
No events

VM Operations (20 events):
Event: 8.680 Executing VM operation: get/set locals
Event: 8.680 Executing VM operation: get/set locals done
Event: 8.681 Executing VM operation: get/set locals
Event: 8.682 Executing VM operation: get/set locals done
Event: 8.682 Executing VM operation: get/set locals
Event: 8.682 Executing VM operation: get/set locals done
Event: 8.684 Executing VM operation: get/set locals
Event: 8.684 Executing VM operation: get/set locals done
Event: 8.684 Executing VM operation: get/set locals
Event: 8.684 Executing VM operation: get/set locals done
Event: 8.685 Executing VM operation: get/set locals
Event: 8.685 Executing VM operation: get/set locals done
Event: 17.733 Executing VM operation: ChangeSingleStep
Event: 17.733 Executing VM operation: ChangeSingleStep done
Event: 17.735 Executing VM operation: ChangeSingleStep
Event: 17.735 Executing VM operation: ChangeSingleStep done
Event: 17.750 Executing VM operation: RedefineClasses
Event: 17.770 Executing VM operation: RedefineClasses done
Event: 17.772 Executing VM operation: ChangeSingleStep
Event: 17.772 Executing VM operation: ChangeSingleStep done

Events (20 events):
Event: 6.105 Thread 0x0000024e19b5f5a0 flushing nmethod 0x0000024e04f1d190
Event: 6.105 Thread 0x0000024e19b5f5a0 flushing nmethod 0x0000024e04f1da90
Event: 6.105 Thread 0x0000024e19b5f5a0 flushing nmethod 0x0000024e04f1ec90
Event: 6.105 Thread 0x0000024e19b5f5a0 flushing nmethod 0x0000024e04fa2490
Event: 6.105 Thread 0x0000024e19b5f5a0 flushing nmethod 0x0000024e04fa4190
Event: 6.105 Thread 0x0000024e19b5f5a0 flushing nmethod 0x0000024e04fa5f10
Event: 6.105 Thread 0x0000024e19b5f5a0 flushing nmethod 0x0000024e04faa290
Event: 6.105 Thread 0x0000024e19b5f5a0 flushing nmethod 0x0000024e05018610
Event: 6.105 Thread 0x0000024e19b5f5a0 flushing nmethod 0x0000024e050a8d90
Event: 6.105 Thread 0x0000024e19b5f5a0 flushing nmethod 0x0000024e05145310
Event: 6.105 Thread 0x0000024e19b5f5a0 flushing nmethod 0x0000024e05145a10
Event: 6.105 Thread 0x0000024e19b5f5a0 flushing nmethod 0x0000024e05147510
Event: 6.105 Thread 0x0000024e19b5f5a0 flushing nmethod 0x0000024e051cab90
Event: 6.105 Thread 0x0000024e19b5f5a0 flushing nmethod 0x0000024e051d0190
Event: 7.882 Thread 0x0000024e23b83b50 Thread added: 0x0000024e23b83b50
Event: 8.121 Thread 0x0000024e24d0a610 Thread added: 0x0000024e24d0a610
Event: 13.324 Thread 0x0000024e24d0a610 Thread exited: 0x0000024e24d0a610
Event: 13.324 Thread 0x0000024e23b83b50 Thread exited: 0x0000024e23b83b50
Event: 13.324 Thread 0x0000024e22dc1120 Thread exited: 0x0000024e22dc1120
Event: 13.324 Thread 0x0000024e1e84a8f0 Thread exited: 0x0000024e1e84a8f0


Dynamic libraries:
0x00007ff79d3e0000 - 0x00007ff79d3ee000 	C:\Users\twigs\.p2\pool\plugins\org.eclipse.justj.openjdk.hotspot.jre.full.win32.x86_64_22.0.1.v20240426-1149\jre\bin\javaw.exe
0x00007ffcdf400000 - 0x00007ffcdf667000 	C:\WINDOWS\SYSTEM32\ntdll.dll
0x00007ffcde9e0000 - 0x00007ffcdeaa9000 	C:\WINDOWS\System32\KERNEL32.DLL
0x00007ffcdcb90000 - 0x00007ffcdcf80000 	C:\WINDOWS\System32\KERNELBASE.dll
0x00007ffcdcf90000 - 0x00007ffcdd0db000 	C:\WINDOWS\System32\ucrtbase.dll
0x00007ffcd95a0000 - 0x00007ffcd95bb000 	C:\Users\twigs\.p2\pool\plugins\org.eclipse.justj.openjdk.hotspot.jre.full.win32.x86_64_22.0.1.v20240426-1149\jre\bin\VCRUNTIME140.dll
0x00007ffccae20000 - 0x00007ffccae37000 	C:\Users\twigs\.p2\pool\plugins\org.eclipse.justj.openjdk.hotspot.jre.full.win32.x86_64_22.0.1.v20240426-1149\jre\bin\jli.dll
0x00007ffcdf080000 - 0x00007ffcdf245000 	C:\WINDOWS\System32\USER32.dll
0x00007ffcdc7f0000 - 0x00007ffcdc817000 	C:\WINDOWS\System32\win32u.dll
0x00007ffcc9600000 - 0x00007ffcc989a000 	C:\WINDOWS\WinSxS\amd64_microsoft.windows.common-controls_6595b64144ccf1df_6.0.26100.4768_none_3e0c112ce331287c\COMCTL32.dll
0x00007ffcde8a0000 - 0x00007ffcde8cb000 	C:\WINDOWS\System32\GDI32.dll
0x00007ffcdd370000 - 0x00007ffcdd419000 	C:\WINDOWS\System32\msvcrt.dll
0x00007ffcdc6b0000 - 0x00007ffcdc7e8000 	C:\WINDOWS\System32\gdi32full.dll
0x00007ffcdd0e0000 - 0x00007ffcdd183000 	C:\WINDOWS\System32\msvcp_win.dll
0x00007ffcde360000 - 0x00007ffcde38f000 	C:\WINDOWS\System32\IMM32.DLL
0x00007ffcd9590000 - 0x00007ffcd959c000 	C:\Users\twigs\.p2\pool\plugins\org.eclipse.justj.openjdk.hotspot.jre.full.win32.x86_64_22.0.1.v20240426-1149\jre\bin\vcruntime140_1.dll
0x00007ffcd9500000 - 0x00007ffcd958e000 	C:\Users\twigs\.p2\pool\plugins\org.eclipse.justj.openjdk.hotspot.jre.full.win32.x86_64_22.0.1.v20240426-1149\jre\bin\msvcp140.dll
0x00007ffc222e0000 - 0x00007ffc230a2000 	C:\Users\twigs\.p2\pool\plugins\org.eclipse.justj.openjdk.hotspot.jre.full.win32.x86_64_22.0.1.v20240426-1149\jre\bin\server\jvm.dll
0x00007ffcde4c0000 - 0x00007ffcde574000 	C:\WINDOWS\System32\ADVAPI32.dll
0x00007ffcdd940000 - 0x00007ffcdd9e6000 	C:\WINDOWS\System32\sechost.dll
0x00007ffcde3a0000 - 0x00007ffcde4b8000 	C:\WINDOWS\System32\RPCRT4.dll
0x00007ffcdf000000 - 0x00007ffcdf074000 	C:\WINDOWS\System32\WS2_32.dll
0x00007ffcdc390000 - 0x00007ffcdc3ee000 	C:\WINDOWS\SYSTEM32\POWRPROF.dll
0x00007ffcd3f50000 - 0x00007ffcd3f85000 	C:\WINDOWS\SYSTEM32\WINMM.dll
0x00007ffcd5000000 - 0x00007ffcd500b000 	C:\WINDOWS\SYSTEM32\VERSION.dll
0x00007ffcdc2c0000 - 0x00007ffcdc2d4000 	C:\WINDOWS\SYSTEM32\UMPDC.dll
0x00007ffcdb2b0000 - 0x00007ffcdb2cb000 	C:\WINDOWS\SYSTEM32\kernel.appcore.dll
0x00007ffccb490000 - 0x00007ffccb49a000 	C:\Users\twigs\.p2\pool\plugins\org.eclipse.justj.openjdk.hotspot.jre.full.win32.x86_64_22.0.1.v20240426-1149\jre\bin\jimage.dll
0x00007ffcd9280000 - 0x00007ffcd94c1000 	C:\WINDOWS\SYSTEM32\DBGHELP.DLL
0x00007ffcdd420000 - 0x00007ffcdd7a5000 	C:\WINDOWS\System32\combase.dll
0x00007ffcdd280000 - 0x00007ffcdd360000 	C:\WINDOWS\System32\OLEAUT32.dll
0x00007ffcc9960000 - 0x00007ffcc99a3000 	C:\WINDOWS\SYSTEM32\dbgcore.DLL
0x00007ffcdc9a0000 - 0x00007ffcdca39000 	C:\WINDOWS\System32\bcryptPrimitives.dll
0x00007ffcd3da0000 - 0x00007ffcd3ddc000 	C:\Users\twigs\.p2\pool\plugins\org.eclipse.justj.openjdk.hotspot.jre.full.win32.x86_64_22.0.1.v20240426-1149\jre\bin\jdwp.dll
0x00007ffccb150000 - 0x00007ffccb15f000 	C:\Users\twigs\.p2\pool\plugins\org.eclipse.justj.openjdk.hotspot.jre.full.win32.x86_64_22.0.1.v20240426-1149\jre\bin\instrument.dll
0x00007ffcbf4d0000 - 0x00007ffcbf4ee000 	C:\Users\twigs\.p2\pool\plugins\org.eclipse.justj.openjdk.hotspot.jre.full.win32.x86_64_22.0.1.v20240426-1149\jre\bin\java.dll
0x00007ffcdd9f0000 - 0x00007ffcde13d000 	C:\WINDOWS\System32\SHELL32.dll
0x00007ffcdc820000 - 0x00007ffcdc993000 	C:\WINDOWS\System32\wintypes.dll
0x00007ffcde580000 - 0x00007ffcde720000 	C:\WINDOWS\System32\ole32.dll
0x00007ffcb3fb0000 - 0x00007ffcb3fc7000 	C:\Users\twigs\.p2\pool\plugins\org.eclipse.justj.openjdk.hotspot.jre.full.win32.x86_64_22.0.1.v20240426-1149\jre\bin\zip.dll
0x00007ffcda110000 - 0x00007ffcda970000 	C:\WINDOWS\SYSTEM32\windows.storage.dll
0x00007ffcde7a0000 - 0x00007ffcde895000 	C:\WINDOWS\System32\SHCORE.dll
0x00007ffcdd190000 - 0x00007ffcdd1fa000 	C:\WINDOWS\System32\shlwapi.dll
0x00007ffcdc450000 - 0x00007ffcdc479000 	C:\WINDOWS\SYSTEM32\profapi.dll
0x00007ffcd94f0000 - 0x00007ffcd94fc000 	C:\Users\twigs\.p2\pool\plugins\org.eclipse.justj.openjdk.hotspot.jre.full.win32.x86_64_22.0.1.v20240426-1149\jre\bin\dt_socket.dll
0x00007ffcdad50000 - 0x00007ffcdad83000 	C:\WINDOWS\SYSTEM32\IPHLPAPI.DLL
0x00007ffcdb840000 - 0x00007ffcdb8ab000 	C:\WINDOWS\system32\mswsock.dll
0x00007ffcdad90000 - 0x00007ffcdaeb6000 	C:\WINDOWS\SYSTEM32\DNSAPI.dll
0x00007ffcde9d0000 - 0x00007ffcde9da000 	C:\WINDOWS\System32\NSI.dll
0x00007ffcd4950000 - 0x00007ffcd495b000 	C:\Windows\System32\rasadhlp.dll
0x00007ffcd6c10000 - 0x00007ffcd6c96000 	C:\WINDOWS\System32\fwpuclnt.dll
0x00007ffccb0b0000 - 0x00007ffccb0c0000 	C:\Users\twigs\.p2\pool\plugins\org.eclipse.justj.openjdk.hotspot.jre.full.win32.x86_64_22.0.1.v20240426-1149\jre\bin\net.dll
0x00007ffcb3f70000 - 0x00007ffcb3f86000 	C:\Users\twigs\.p2\pool\plugins\org.eclipse.justj.openjdk.hotspot.jre.full.win32.x86_64_22.0.1.v20240426-1149\jre\bin\nio.dll
0x00007ffccae10000 - 0x00007ffccae20000 	C:\Users\twigs\.p2\pool\plugins\org.eclipse.justj.openjdk.hotspot.jre.full.win32.x86_64_22.0.1.v20240426-1149\jre\bin\verify.dll
0x00007ffcd9070000 - 0x00007ffcd907a000 	C:\Users\twigs\.p2\pool\plugins\org.eclipse.justj.openjdk.hotspot.jre.full.win32.x86_64_22.0.1.v20240426-1149\jre\bin\management.dll
0x00007ffcd7060000 - 0x00007ffcd706b000 	C:\Users\twigs\.p2\pool\plugins\org.eclipse.justj.openjdk.hotspot.jre.full.win32.x86_64_22.0.1.v20240426-1149\jre\bin\management_ext.dll
0x00007ffcde730000 - 0x00007ffcde738000 	C:\WINDOWS\System32\PSAPI.DLL
0x00007ffcd7050000 - 0x00007ffcd705b000 	C:\Users\twigs\.p2\pool\plugins\org.eclipse.justj.openjdk.hotspot.jre.full.win32.x86_64_22.0.1.v20240426-1149\jre\bin\le.dll
0x00007ffccdff0000 - 0x00007ffccdffe000 	C:\Users\twigs\.p2\pool\plugins\org.eclipse.justj.openjdk.hotspot.jre.full.win32.x86_64_22.0.1.v20240426-1149\jre\bin\sunmscapi.dll
0x00007ffcdc530000 - 0x00007ffcdc6a7000 	C:\WINDOWS\System32\CRYPT32.dll
0x00007ffcdbd20000 - 0x00007ffcdbd50000 	C:\WINDOWS\SYSTEM32\ncrypt.dll
0x00007ffcdbcd0000 - 0x00007ffcdbd0f000 	C:\WINDOWS\SYSTEM32\NTASN1.dll
0x00007ffcdbb10000 - 0x00007ffcdbb2b000 	C:\WINDOWS\SYSTEM32\CRYPTSP.dll
0x00007ffcdb210000 - 0x00007ffcdb24b000 	C:\WINDOWS\system32\rsaenh.dll
0x00007ffcdb8e0000 - 0x00007ffcdb90b000 	C:\WINDOWS\SYSTEM32\USERENV.dll
0x00007ffcdc420000 - 0x00007ffcdc446000 	C:\WINDOWS\SYSTEM32\bcrypt.dll
0x00007ffcdbb00000 - 0x00007ffcdbb0c000 	C:\WINDOWS\SYSTEM32\CRYPTBASE.dll

dbghelp: loaded successfully - version: 4.0.5 - missing functions: none
symbol engine: initialized successfully - sym options: 0x614 - pdb path: .;C:\Users\twigs\.p2\pool\plugins\org.eclipse.justj.openjdk.hotspot.jre.full.win32.x86_64_22.0.1.v20240426-1149\jre\bin;C:\WINDOWS\SYSTEM32;C:\WINDOWS\WinSxS\amd64_microsoft.windows.common-controls_6595b64144ccf1df_6.0.26100.4768_none_3e0c112ce331287c;C:\Users\twigs\.p2\pool\plugins\org.eclipse.justj.openjdk.hotspot.jre.full.win32.x86_64_22.0.1.v20240426-1149\jre\bin\server

VM Arguments:
jvm_args: -XX:+ShowCodeDetailsInExceptionMessages -agentlib:jdwp=transport=dt_socket,suspend=y,address=localhost:49680 -javaagent:C:\Users\twigs\eclipse\java-2024-062\eclipse\configuration\org.eclipse.osgi\251\0\.cp\lib\javaagent-shaded.jar -Dfile.encoding=UTF-8 -Dstdout.encoding=UTF-8 -Dstderr.encoding=UTF-8 
java_command: com.app.userservice.UserserviceApplication
java_class_path (initial): C:\Users\twigs\OneDrive\Desktop\learning_srini\SPRINGBOOT\springboot-microservices\userservice\target\classes;C:\Users\twigs\.m2\repository\org\springframework\boot\spring-boot-starter-data-jpa\3.5.5\spring-boot-starter-data-jpa-3.5.5.jar;C:\Users\twigs\.m2\repository\org\springframework\boot\spring-boot-starter\3.5.5\spring-boot-starter-3.5.5.jar;C:\Users\twigs\.m2\repository\org\springframework\boot\spring-boot-starter-logging\3.5.5\spring-boot-starter-logging-3.5.5.jar;C:\Users\twigs\.m2\repository\ch\qos\logback\logback-classic\1.5.18\logback-classic-1.5.18.jar;C:\Users\twigs\.m2\repository\ch\qos\logback\logback-core\1.5.18\logback-core-1.5.18.jar;C:\Users\twigs\.m2\repository\org\apache\logging\log4j\log4j-to-slf4j\2.24.3\log4j-to-slf4j-2.24.3.jar;C:\Users\twigs\.m2\repository\org\apache\logging\log4j\log4j-api\2.24.3\log4j-api-2.24.3.jar;C:\Users\twigs\.m2\repository\org\slf4j\jul-to-slf4j\2.0.17\jul-to-slf4j-2.0.17.jar;C:\Users\twigs\.m2\repository\jakarta\annotation\jakarta.annotation-api\2.1.1\jakarta.annotation-api-2.1.1.jar;C:\Users\twigs\.m2\repository\org\yaml\snakeyaml\2.4\snakeyaml-2.4.jar;C:\Users\twigs\.m2\repository\org\springframework\boot\spring-boot-starter-jdbc\3.5.5\spring-boot-starter-jdbc-3.5.5.jar;C:\Users\twigs\.m2\repository\com\zaxxer\HikariCP\6.3.2\HikariCP-6.3.2.jar;C:\Users\twigs\.m2\repository\org\springframework\spring-jdbc\6.2.10\spring-jdbc-6.2.10.jar;C:\Users\twigs\.m2\repository\org\hibernate\orm\hibernate-core\6.6.26.Final\hibernate-core-6.6.26.Final.jar;C:\Users\twigs\.m2\repository\jakarta\persistence\jakarta.persistence-api\3.1.0\jakarta.persistence-api-3.1.0.jar;C:\Users\twigs\.m2\repository\jakarta\transaction\jakarta.transaction-api\2.0.1\jakarta.transaction-api-2.0.1.jar;C:\Users\twigs\.m2\repository\org\jboss\logging\jboss-logging\3.6.1.Final\jboss-logging-3.6.1.Final.jar;C:\Users\twigs\.m2\repository\org\hibernate\common\hibernate-commons-annotations\7.0.3.Final\hibernate-commons-annotations-7.0.3.Final.jar;C:\Users\twigs\.m2\repository\io\smallrye\jandex\3.2.0\jandex-3.2.0.jar;C:\Users\twigs\.m2\repository\com\fasterxml\classmate\1.7.0\classmate-1.7.0.jar;C:\Users\twigs\.m2\repository\net\bytebuddy\byte-buddy\1.17.7\byte-buddy-1.17.7.jar;C:\Users\twigs\.m2\repository\org\glassfish\jaxb\jaxb-runtime\4.0.5\jaxb-runtime-4.0.5.jar;C:\Users\twigs\.m2\repository\org\glassfish\jaxb\jaxb-core\4.0.5\jaxb-core-4.0.5.jar;C:\Users\twigs\.m2\repository\org\eclipse\angus\angus-activation\2.0.2\angus-activation-2.0.2.jar;C:\Users\twigs\.m2\repository\org\glassfish\jaxb\txw2\4.0.5\txw2-4.0.5.jar;C:\Users\twigs\.m2\repository\com\sun\istack\istack-commons-runtime\4.1.2\istack-commons-runtime-4.1.2.jar;C:\Users\twigs\.m2\repository\jakarta\inject\jakarta.inject-api\2.0.1\jakarta.inject-api-2.0.1.jar;C:\Users\twigs\.m2\repository\org\antlr\antlr4-runtime\4.13.0\antlr4-runtime-4.13.0.jar;C:\Users\twigs\.m2\repository\org\springframework\data\spring-data-jpa\3.5.3\spring-data-jpa-3.5.3.jar;C:\Users\twigs\.m2\repository\org\springframework\data\spring-data-commons\3.5.3\spring-data-commons-3.5.3.jar;C:\Users\twigs\.m2\repository\org\springframework\spring-orm\6.2.10\spring-orm-6.2.10.jar;C:\Users\twigs\.m2\repository\org\springframework\spring-context\6.2.10\spring-context-6.2.10.jar;C:\Users\twigs\.m2\repository\org\springframework\spring-tx\6.2.10\spring-tx-6.2.10.jar;C:\Users\twigs\.m2\repository\org\springframework\spring-beans\6.2.10\spring-beans-6.2.10.jar;C:\Users\twigs\.m2\repository\org\slf4j\slf4j-api\2.0.17\slf4j-api-2.0.17.jar;C:\Users\twigs\.m2\repository\org\springframework\spring-aspects\6.2.10\spring-aspects-6.2.10.jar;C:\Users\twigs\.m2\repository\org\aspectj\aspectjweaver\1.9.24\aspectjweaver-1.9.24.jar;C:\Users\twigs\.m2\repository\org\springframework\boot\spring-boot-starter-security\3.5.5\spring-boot-starter-security-3.5.5.jar;C:\Users\twigs\.m2\repository\org\springframework\spring-aop\6.2.10\spring-aop-6.2.10.jar;C:\Users\twigs\.m2\repository\org\springframework\security\spring-security-config\6.5.3\spring-security-config-6.5.3.jar;C:\Users\twigs\.m2\repository\org\springframework\security\spring-security-web\6.5.3\spring-security-web-6.5.3.jar;C:\Users\twigs\.m2\repository\org\springframework\spring-expression\6.2.10\spring-expression-6.2.10.jar;C:\Users\twigs\.m2\repository\org\springframework\boot\spring-boot-starter-web\3.5.5\spring-boot-starter-web-3.5.5.jar;C:\Users\twigs\.m2\repository\org\springframework\boot\spring-boot-starter-json\3.5.5\spring-boot-starter-json-3.5.5.jar;C:\Users\twigs\.m2\repository\com\fasterxml\jackson\datatype\jackson-datatype-jdk8\2.19.2\jackson-datatype-jdk8-2.19.2.jar;C:\Users\twigs\.m2\repository\com\fasterxml\jackson\datatype\jackson-datatype-jsr310\2.19.2\jackson-datatype-jsr310-2.19.2.jar;C:\Users\twigs\.m2\repository\com\fasterxml\jackson\module\jackson-module-parameter-names\2.19.2\jackson-module-parameter-names-2.19.2.jar;C:\Users\twigs\.m2\repository\org\springframework\boot\spring-boot-starter-tomcat\3.5.5\spring-boot-starter-tomcat-3.5.5.jar;C:\Users\twigs\.m2\repository\org\apache\tomcat\embed\tomcat-embed-core\10.1.44\tomcat-embed-core-10.1.44.jar;C:\Users\twigs\.m2\repository\org\apache\tomcat\embed\tomcat-embed-el\10.1.44\tomcat-embed-el-10.1.44.jar;C:\Users\twigs\.m2\repository\org\apache\tomcat\embed\tomcat-embed-websocket\10.1.44\tomcat-embed-websocket-10.1.44.jar;C:\Users\twigs\.m2\repository\org\springframework\spring-web\6.2.10\spring-web-6.2.10.jar;C:\Users\twigs\.m2\repository\io\micrometer\micrometer-observation\1.15.3\micrometer-observation-1.15.3.jar;C:\Users\twigs\.m2\repository\io\micrometer\micrometer-commons\1.15.3\micrometer-commons-1.15.3.jar;C:\Users\twigs\.m2\repository\org\springframework\spring-webmvc\6.2.10\spring-webmvc-6.2.10.jar;C:\Users\twigs\.m2\repository\org\springframework\boot\spring-boot-devtools\3.5.5\spring-boot-devtools-3.5.5.jar;C:\Users\twigs\.m2\repository\org\springframework\boot\spring-boot\3.5.5\spring-boot-3.5.5.jar;C:\Users\twigs\.m2\repository\org\springframework\boot\spring-boot-autoconfigure\3.5.5\spring-boot-autoconfigure-3.5.5.jar;C:\Users\twigs\.m2\repository\com\mysql\mysql-connector-j\9.4.0\mysql-connector-j-9.4.0.jar;C:\Users\twigs\.m2\repository\org\postgresql\postgresql\42.7.7\postgresql-42.7.7.jar;C:\Users\twigs\.m2\repository\org\checkerframework\checker-qual\3.49.3\checker-qual-3.49.3.jar;C:\Users\twigs\.m2\repository\org\projectlombok\lombok\1.18.38\lombok-1.18.38.jar;C:\Users\twigs\.m2\repository\jakarta\xml\bind\jakarta.xml.bind-api\4.0.2\jakarta.xml.bind-api-4.0.2.jar;C:\Users\twigs\.m2\repository\jakarta\activation\jakarta.activation-api\2.1.3\jakarta.activation-api-2.1.3.jar;C:\Users\twigs\.m2\repository\org\springframework\spring-core\6.2.10\spring-core-6.2.10.jar;C:\Users\twigs\.m2\repository\org\springframework\spring-jcl\6.2.10\spring-jcl-6.2.10.jar;C:\Users\twigs\.m2\repository\org\springframework\security\spring-security-core\6.5.3\spring-security-core-6.5.3.jar;C:\Users\twigs\.m2\repository\org\springframework\security\spring-security-crypto\6.5.3\spring-security-crypto-6.5.3.jar;C:\Users\twigs\.m2\repository\io\jsonwebtoken\jjwt-api\0.13.0\jjwt-api-0.13.0.jar;C:\Users\twigs\.m2\repository\io\jsonwebtoken\jjwt-impl\0.13.0\jjwt-impl-0.13.0.jar;C:\Users\twigs\.m2\repository\io\jsonwebtoken\jjwt-jackson\0.13.0\jjwt-jackson-0.13.0.jar;C:\Users\twigs\.m2\repository\com\fasterxml\jackson\core\jackson-databind\2.19.2\jackson-databind-2.19.2.jar;C:\Users\twigs\.m2\repository\com\fasterxml\jackson\core\jackson-annotations\2.19.2\jackson-annotations-2.19.2.jar;C:\Users\twigs\.m2\repository\com\fasterxml\jackson\core\jackson-core\2.19.2\jackson-core-2.19.2.jar
Launcher Type: SUN_STANDARD

[Global flags]
     intx CICompilerCount                          = 12                                        {product} {ergonomic}
     uint ConcGCThreads                            = 3                                         {product} {ergonomic}
     uint G1ConcRefinementThreads                  = 13                                        {product} {ergonomic}
   size_t G1HeapRegionSize                         = 1048576                                   {product} {ergonomic}
   size_t InitialHeapSize                          = 123731968                                 {product} {ergonomic}
   size_t MarkStackSize                            = 4194304                                   {product} {ergonomic}
   size_t MaxHeapSize                              = 1971322880                                {product} {ergonomic}
   size_t MaxNewSize                               = 1182793728                                {product} {ergonomic}
   size_t MinHeapDeltaBytes                        = 1048576                                   {product} {ergonomic}
   size_t MinHeapSize                              = 8388608                                   {product} {ergonomic}
    uintx NonNMethodCodeHeapSize                   = 7602480                                {pd product} {ergonomic}
    uintx NonProfiledCodeHeapSize                  = 122027880                              {pd product} {ergonomic}
    uintx ProfiledCodeHeapSize                     = 122027880                              {pd product} {ergonomic}
    uintx ReservedCodeCacheSize                    = 251658240                              {pd product} {ergonomic}
     bool SegmentedCodeCache                       = true                                      {product} {ergonomic}
     bool ShowCodeDetailsInExceptionMessages       = true                                   {manageable} {command line}
   size_t SoftMaxHeapSize                          = 1971322880                             {manageable} {ergonomic}
     bool UseCompressedOops                        = true                           {product lp64_product} {ergonomic}
     bool UseG1GC                                  = true                                      {product} {ergonomic}
     bool UseLargePagesIndividualAllocation        = false                                  {pd product} {ergonomic}

Logging:
Log output configuration:
 #0: stdout all=warning uptime,level,tags foldmultilines=false
 #1: stderr all=off uptime,level,tags foldmultilines=false

Environment Variables:
JAVA_HOME=C:\Program Files\Java\jdk-24
PATH=C:\Users\twigs\.p2\pool\plugins\org.eclipse.justj.openjdk.hotspot.jre.full.win32.x86_64_22.0.1.v20240426-1149\jre\bin;C:/Users/twigs/.p2/pool/plugins/org.eclipse.justj.openjdk.hotspot.jre.full.win32.x86_64_22.0.1.v20240426-1149/jre/bin/server;C:/Users/twigs/.p2/pool/plugins/org.eclipse.justj.openjdk.hotspot.jre.full.win32.x86_64_22.0.1.v20240426-1149/jre/bin;C:\Program Files\Common Files\Oracle\Java\javapath;C:\Python311\Scripts\;C:\Python311\;C:\WINDOWS\system32;C:\WINDOWS;C:\WINDOWS\System32\Wbem;C:\WINDOWS\System32\WindowsPowerShell\v1.0\;C:\WINDOWS\System32\OpenSSH\;C:\Users\Guru\flutter\bin;C:\ProgramData\chocolatey\bin;C:\Program Files\PuTTY\;C:\Program Files\Git\cmd;C:\composer;C:\Program Files\TortoiseGit\bin;C:\Program Files\Amazon\AWSCLIV2\;C:\Program Files\nodejs\;C:\Program Files\Docker\Docker\resources\bin;C:\Program Files\Java\jdk-24\bin;C:\Users\twigs\AppData\Local\Programs\Python\Python313\Scripts\;C:\Users\twigs\AppData\Local\Programs\Python\Python313\;C:\Users\twigs\AppData\Local\Microsoft\WindowsApps;C:\Users\Guru\flutter\bin;C:\Program Files\Android\Android Studio\jre\bin;C:\Users\Guru\openssl-0.9.8k_WIN32\bin;C:\Users\Guru\jdk-20\bin;C:\Users\twigs\AppData\Local\Programs\Microsoft VS Code\bin;C:\xampp\php;C:\Users\twigs\AppData\Local\ComposerSetup\bin;C:\Users\twigs\AppData\Roaming\Composer\vendor\bin;C:\Users\twigs\AppData\Roaming\npm;;C:\WINDOWS\system32;
USERNAME=twigs
OS=Windows_NT
PROCESSOR_IDENTIFIER=AMD64 Family 23 Model 104 Stepping 1, AuthenticAMD
TMP=C:\Users\twigs\AppData\Local\Temp
TEMP=C:\Users\twigs\AppData\Local\Temp




Periodic native trim disabled

---------------  S Y S T E M  ---------------

OS:
 Windows 11 , 64 bit Build 26100 (10.0.26100.4768)
OS uptime: 4 days 1:54 hours
Hyper-V role detected

CPU: total 16 (initial active 16) (16 cores per cpu, 2 threads per core) family 23 model 104 stepping 1 microcode 0x8608107, cx8, cmov, fxsr, ht, mmx, 3dnowpref, sse, sse2, sse3, ssse3, sse4a, sse4.1, sse4.2, popcnt, lzcnt, tsc, tscinvbit, avx, avx2, aes, clmul, bmi1, bmi2, adx, sha, fma, vzeroupper, clflush, clflushopt, hv, rdtscp, rdpid, f16c
Processor Information for all 16 processors :
  Max Mhz: 1801, Current Mhz: 1801, Mhz Limit: 1801

Memory: 4k page, system-wide physical 7514M (1098M free)
TotalPageFile size 25946M (AvailPageFile size 6183M)
current process WorkingSet (physical memory assigned to process): 177M, peak: 299M
current process commit charge ("private bytes"): 223M, peak: 339M

vm_info: OpenJDK 64-Bit Server VM (22.0.1+8) for windows-amd64 JRE (22.0.1+8), built on 2024-04-16T00:00:00Z by "admin" with MS VC++ 17.7 (VS2022)

END.
